<?xml version="1.0" encoding="UTF-8"?>
<!-- Generated by org.testng.reporters.JUnitReportReporter -->
<testsuite hostname="DESKTOP-4U27L9N" failures="0" tests="1" name="tests.GoogleTest" time="5.584" errors="0" timestamp="2025-06-18T11:18:00 IST" skipped="0">
  <testcase classname="tests.GoogleTest" name="verifyGoogleTitle" time="5.584"/>
</testsuite> <!-- tests.GoogleTest -->
